# JRE version: Java(TM) SE Runtime Environment (7.0_40-b43) (build 1.7.0_40-b43)
# Java VM: Java HotSpot(TM) 64-Bit Server VM (24.0-b56 mixed mode windows-amd64 compressed oops)
Heap
 PSYoungGen      total 142848K, used 102002K [0x00000000eaa80000, 0x00000000f9c00000, 0x0000000100000000)
  eden space 127488K, 67% used [0x00000000eaa80000,0x00000000eff1e478,0x00000000f2700000)
  from space 15360K, 99% used [0x00000000f2700000,0x00000000f35fe620,0x00000000f3600000)
  to   space 21504K, 0% used [0x00000000f8700000,0x00000000f8700000,0x00000000f9c00000)
 ParOldGen       total 85504K, used 30066K [0x00000000c0000000, 0x00000000c5380000, 0x00000000eaa80000)
  object space 85504K, 35% used [0x00000000c0000000,0x00000000c1d5c8a8,0x00000000c5380000)
 PSPermGen       total 38400K, used 38385K [0x00000000b0000000, 0x00000000b2580000, 0x00000000c0000000)
  object space 38400K, 99% used [0x00000000b0000000,0x00000000b257c788,0x00000000b2580000)
GC Heap History (10 events):
Event: 5.389 GC heap before
{Heap before GC invocations=5 (full 0):
 PSYoungGen      total 37888K, used 37888K [0x00000000eaa80000, 0x00000000ef480000, 0x0000000100000000)
  eden space 32768K, 100% used [0x00000000eaa80000,0x00000000eca80000,0x00000000eca80000)
  from space 5120K, 100% used [0x00000000ecf80000,0x00000000ed480000,0x00000000ed480000)
  to   space 5120K, 0% used [0x00000000eca80000,0x00000000eca80000,0x00000000ecf80000)
 ParOldGen       total 85504K, used 9243K [0x00000000c0000000, 0x00000000c5380000, 0x00000000eaa80000)
  object space 85504K, 10% used [0x00000000c0000000,0x00000000c0906f38,0x00000000c5380000)
 PSPermGen       total 23552K, used 23461K [0x00000000b0000000, 0x00000000b1700000, 0x00000000c0000000)
  object space 23552K, 99% used [0x00000000b0000000,0x00000000b16e9410,0x00000000b1700000)
Event: 5.403 GC heap after
Heap after GC invocations=5 (full 0):
 PSYoungGen      total 37888K, used 5104K [0x00000000eaa80000, 0x00000000f0080000, 0x0000000100000000)
  eden space 32768K, 0% used [0x00000000eaa80000,0x00000000eaa80000,0x00000000eca80000)
  from space 5120K, 99% used [0x00000000eca80000,0x00000000ecf7c010,0x00000000ecf80000)
  to   space 11264K, 0% used [0x00000000ef580000,0x00000000ef580000,0x00000000f0080000)
 ParOldGen       total 85504K, used 12770K [0x00000000c0000000, 0x00000000c5380000, 0x00000000eaa80000)
  object space 85504K, 14% used [0x00000000c0000000,0x00000000c0c78ba0,0x00000000c5380000)
 PSPermGen       total 23552K, used 23461K [0x00000000b0000000, 0x00000000b1700000, 0x00000000c0000000)
  object space 23552K, 99% used [0x00000000b0000000,0x00000000b16e9410,0x00000000b1700000)
}
Event: 6.335 GC heap before
{Heap before GC invocations=6 (full 0):
 PSYoungGen      total 37888K, used 37872K [0x00000000eaa80000, 0x00000000f0080000, 0x0000000100000000)
  eden space 32768K, 100% used [0x00000000eaa80000,0x00000000eca80000,0x00000000eca80000)
  from space 5120K, 99% used [0x00000000eca80000,0x00000000ecf7c010,0x00000000ecf80000)
  to   space 11264K, 0% used [0x00000000ef580000,0x00000000ef580000,0x00000000f0080000)
 ParOldGen       total 85504K, used 12770K [0x00000000c0000000, 0x00000000c5380000, 0x00000000eaa80000)
  object space 85504K, 14% used [0x00000000c0000000,0x00000000c0c78ba0,0x00000000c5380000)
 PSPermGen       total 26112K, used 25857K [0x00000000b0000000, 0x00000000b1980000, 0x00000000c0000000)
  object space 26112K, 99% used [0x00000000b0000000,0x00000000b1940658,0x00000000b1980000)
Event: 6.347 GC heap after
Heap after GC invocations=6 (full 0):
 PSYoungGen      total 76800K, used 7131K [0x00000000eaa80000, 0x00000000f0080000, 0x0000000100000000)
  eden space 65536K, 0% used [0x00000000eaa80000,0x00000000eaa80000,0x00000000eea80000)
  from space 11264K, 63% used [0x00000000ef580000,0x00000000efc76f98,0x00000000f0080000)
  to   space 11264K, 0% used [0x00000000eea80000,0x00000000eea80000,0x00000000ef580000)
 ParOldGen       total 85504K, used 12842K [0x00000000c0000000, 0x00000000c5380000, 0x00000000eaa80000)
  object space 85504K, 15% used [0x00000000c0000000,0x00000000c0c8abb0,0x00000000c5380000)
 PSPermGen       total 26112K, used 25857K [0x00000000b0000000, 0x00000000b1980000, 0x00000000c0000000)
  object space 26112K, 99% used [0x00000000b0000000,0x00000000b1940658,0x00000000b1980000)
}
Event: 9.078 GC heap before
{Heap before GC invocations=7 (full 0):
 PSYoungGen      total 76800K, used 72667K [0x00000000eaa80000, 0x00000000f0080000, 0x0000000100000000)
  eden space 65536K, 100% used [0x00000000eaa80000,0x00000000eea80000,0x00000000eea80000)
  from space 11264K, 63% used [0x00000000ef580000,0x00000000efc76f98,0x00000000f0080000)
  to   space 11264K, 0% used [0x00000000eea80000,0x00000000eea80000,0x00000000ef580000)
 ParOldGen       total 85504K, used 12842K [0x00000000c0000000, 0x00000000c5380000, 0x00000000eaa80000)
  object space 85504K, 15% used [0x00000000c0000000,0x00000000c0c8abb0,0x00000000c5380000)
 PSPermGen       total 29696K, used 29272K [0x00000000b0000000, 0x00000000b1d00000, 0x00000000c0000000)
  object space 29696K, 98% used [0x00000000b0000000,0x00000000b1c962a8,0x00000000b1d00000)
Event: 9.100 GC heap after
Heap after GC invocations=7 (full 0):
 PSYoungGen      total 76800K, used 10013K [0x00000000eaa80000, 0x00000000f4180000, 0x0000000100000000)
  eden space 65536K, 0% used [0x00000000eaa80000,0x00000000eaa80000,0x00000000eea80000)
  from space 11264K, 88% used [0x00000000eea80000,0x00000000ef4476d8,0x00000000ef580000)
  to   space 11776K, 0% used [0x00000000f3600000,0x00000000f3600000,0x00000000f4180000)
 ParOldGen       total 85504K, used 14764K [0x00000000c0000000, 0x00000000c5380000, 0x00000000eaa80000)
  object space 85504K, 17% used [0x00000000c0000000,0x00000000c0e6b068,0x00000000c5380000)
 PSPermGen       total 29696K, used 29272K [0x00000000b0000000, 0x00000000b1d00000, 0x00000000c0000000)
  object space 29696K, 98% used [0x00000000b0000000,0x00000000b1c962a8,0x00000000b1d00000)
}
Event: 10.743 GC heap before
{Heap before GC invocations=8 (full 0):
 PSYoungGen      total 76800K, used 75549K [0x00000000eaa80000, 0x00000000f4180000, 0x0000000100000000)
  eden space 65536K, 100% used [0x00000000eaa80000,0x00000000eea80000,0x00000000eea80000)
  from space 11264K, 88% used [0x00000000eea80000,0x00000000ef4476d8,0x00000000ef580000)
  to   space 11776K, 0% used [0x00000000f3600000,0x00000000f3600000,0x00000000f4180000)
 ParOldGen       total 85504K, used 14764K [0x00000000c0000000, 0x00000000c5380000, 0x00000000eaa80000)
  object space 85504K, 17% used [0x00000000c0000000,0x00000000c0e6b068,0x00000000c5380000)
 PSPermGen       total 33280K, used 33109K [0x00000000b0000000, 0x00000000b2080000, 0x00000000c0000000)
  object space 33280K, 99% used [0x00000000b0000000,0x00000000b20554b8,0x00000000b2080000)
Event: 10.799 GC heap after
Heap after GC invocations=8 (full 0):
 PSYoungGen      total 139264K, used 11750K [0x00000000eaa80000, 0x00000000f4880000, 0x0000000100000000)
  eden space 127488K, 0% used [0x00000000eaa80000,0x00000000eaa80000,0x00000000f2700000)
  from space 11776K, 99% used [0x00000000f3600000,0x00000000f4179878,0x00000000f4180000)
  to   space 15360K, 0% used [0x00000000f2700000,0x00000000f2700000,0x00000000f3600000)
 ParOldGen       total 85504K, used 19645K [0x00000000c0000000, 0x00000000c5380000, 0x00000000eaa80000)
  object space 85504K, 22% used [0x00000000c0000000,0x00000000c132f4a0,0x00000000c5380000)
 PSPermGen       total 33280K, used 33109K [0x00000000b0000000, 0x00000000b2080000, 0x00000000c0000000)
  object space 33280K, 99% used [0x00000000b0000000,0x00000000b20554b8,0x00000000b2080000)
}
Event: 16.399 GC heap before
{Heap before GC invocations=9 (full 0):
 PSYoungGen      total 139264K, used 139238K [0x00000000eaa80000, 0x00000000f4880000, 0x0000000100000000)
  eden space 127488K, 100% used [0x00000000eaa80000,0x00000000f2700000,0x00000000f2700000)
  from space 11776K, 99% used [0x00000000f3600000,0x00000000f4179878,0x00000000f4180000)
  to   space 15360K, 0% used [0x00000000f2700000,0x00000000f2700000,0x00000000f3600000)
 ParOldGen       total 85504K, used 19645K [0x00000000c0000000, 0x00000000c5380000, 0x00000000eaa80000)
  object space 85504K, 22% used [0x00000000c0000000,0x00000000c132f4a0,0x00000000c5380000)
 PSPermGen       total 38400K, used 37971K [0x00000000b0000000, 0x00000000b2580000, 0x00000000c0000000)
  object space 38400K, 98% used [0x00000000b0000000,0x00000000b2514c38,0x00000000b2580000)
Event: 16.444 GC heap after
Heap after GC invocations=9 (full 0):
 PSYoungGen      total 142848K, used 15353K [0x00000000eaa80000, 0x00000000f9c00000, 0x0000000100000000)
  eden space 127488K, 0% used [0x00000000eaa80000,0x00000000eaa80000,0x00000000f2700000)
  from space 15360K, 99% used [0x00000000f2700000,0x00000000f35fe620,0x00000000f3600000)
  to   space 21504K, 0% used [0x00000000f8700000,0x00000000f8700000,0x00000000f9c00000)
 ParOldGen       total 85504K, used 30066K [0x00000000c0000000, 0x00000000c5380000, 0x00000000eaa80000)
  object space 85504K, 35% used [0x00000000c0000000,0x00000000c1d5c8a8,0x00000000c5380000)
 PSPermGen       total 38400K, used 37971K [0x00000000b0000000, 0x00000000b2580000, 0x00000000c0000000)
  object space 38400K, 98% used [0x00000000b0000000,0x00000000b2514c38,0x00000000b2580000)
}

